mode: set
mock-server/config.go:49.47,51.16 2 1
mock-server/config.go:51.16,53.3 1 0
mock-server/config.go:55.2,56.51 2 1
mock-server/config.go:56.51,58.3 1 1
mock-server/config.go:60.2,60.39 1 1
mock-server/config.go:60.39,62.3 1 1
mock-server/config.go:64.2,64.18 1 1
mock-server/config.go:67.35,68.31 1 1
mock-server/config.go:68.31,69.32 1 1
mock-server/config.go:69.32,71.4 1 1
mock-server/config.go:72.3,72.30 1 1
mock-server/config.go:72.30,74.4 1 1
mock-server/config.go:75.3,76.17 2 1
mock-server/config.go:76.17,78.4 1 1
mock-server/config.go:79.3,79.15 1 1
mock-server/config.go:80.35,80.35 0 1
mock-server/config.go:81.11,82.136 1 1
mock-server/config.go:84.3,84.22 1 1
mock-server/config.go:84.22,86.18 2 1
mock-server/config.go:86.18,88.5 1 1
mock-server/config.go:90.3,90.35 1 1
mock-server/config.go:90.35,92.44 2 1
mock-server/config.go:92.44,94.5 1 1
mock-server/config.go:95.4,95.37 1 1
mock-server/config.go:97.3,97.34 1 1
mock-server/config.go:97.34,99.43 2 1
mock-server/config.go:99.43,101.5 1 1
mock-server/config.go:102.4,102.36 1 1
mock-server/config.go:104.3,104.31 1 1
mock-server/config.go:104.31,105.34 1 0
mock-server/config.go:106.29,106.29 0 0
mock-server/config.go:107.12,108.37 1 0
mock-server/config.go:109.12,110.133 1 0
mock-server/config.go:113.3,113.63 1 1
mock-server/config.go:113.63,115.4 1 1
mock-server/config.go:116.3,116.35 1 1
mock-server/config.go:116.35,118.18 2 1
mock-server/config.go:118.18,120.5 1 1
mock-server/config.go:121.4,121.41 1 1
mock-server/config.go:123.3,123.32 1 1
mock-server/config.go:123.32,125.18 2 1
mock-server/config.go:125.18,127.5 1 1
mock-server/config.go:128.4,128.35 1 1
mock-server/config.go:130.3,131.20 2 1
mock-server/config.go:134.2,134.12 1 1
mock-server/config.go:137.38,138.20 1 1
mock-server/config.go:138.20,140.3 1 1
mock-server/config.go:141.2,141.25 1 1
mock-server/config.go:144.39,146.2 1 1
mock-server/main.go:15.13,18.22 3 0
mock-server/main.go:18.22,21.3 2 0
mock-server/main.go:22.2,23.18 2 0
mock-server/main.go:23.18,26.3 2 0
mock-server/main.go:29.2,29.21 1 0
mock-server/main.go:29.21,32.3 2 0
mock-server/main.go:34.2,37.16 3 0
mock-server/main.go:37.16,40.3 2 0
mock-server/main.go:42.2,43.27 2 0
mock-server/main.go:43.27,45.3 1 0
mock-server/main.go:47.2,50.59 3 0
mock-server/main.go:50.59,53.3 2 0
mock-server/main.go:60.43,62.2 1 1
mock-server/main.go:63.69,67.32 3 1
mock-server/main.go:67.32,69.27 2 1
mock-server/main.go:69.27,70.39 1 1
mock-server/main.go:70.39,72.5 1 1
mock-server/main.go:73.4,75.10 3 1
mock-server/main.go:79.2,80.21 2 1
mock-server/main.go:83.92,84.33 1 1
mock-server/main.go:84.33,86.3 1 1
mock-server/main.go:87.2,87.48 1 1
mock-server/main.go:87.48,89.3 1 1
mock-server/main.go:90.2,91.21 2 1
mock-server/main.go:91.21,93.3 1 0
mock-server/main.go:94.2,95.19 2 1
mock-server/main.go:95.19,98.17 3 1
mock-server/main.go:98.17,101.4 2 1
mock-server/main.go:103.2,103.21 1 1
mock-server/matcher.go:9.59,10.71 1 1
mock-server/matcher.go:10.71,12.3 1 1
mock-server/matcher.go:14.2,14.41 1 1
mock-server/matcher.go:14.41,15.27 1 1
mock-server/matcher.go:15.27,17.4 1 1
mock-server/matcher.go:20.2,20.39 1 1
mock-server/matcher.go:20.39,21.32 1 1
mock-server/matcher.go:21.32,23.4 1 1
mock-server/matcher.go:26.2,26.30 1 1
mock-server/matcher.go:26.30,28.33 2 1
mock-server/matcher.go:29.16,30.42 1 1
mock-server/matcher.go:30.42,32.5 1 1
mock-server/matcher.go:33.19,34.59 1 1
mock-server/matcher.go:34.59,36.5 1 1
mock-server/matcher.go:40.2,41.16 2 1
mock-server/matcher.go:41.16,43.3 1 1
mock-server/matcher.go:45.2,45.14 1 1
mock-server/matcher.go:46.15,47.41 1 1
mock-server/matcher.go:48.16,49.97 1 1
mock-server/matcher.go:50.15,52.17 2 1
mock-server/matcher.go:55.2,55.14 1 0
mock-server/template.go:21.50,23.2 1 1
mock-server/template.go:25.49,27.2 1 1
mock-server/template.go:30.23,32.3 1 0
mock-server/template.go:33.42,35.3 1 0
mock-server/template.go:36.38,38.3 1 1
mock-server/template.go:39.37,43.26 4 1
mock-server/template.go:43.26,45.4 1 1
mock-server/template.go:46.3,46.21 1 1
mock-server/template.go:48.26,50.3 1 1
mock-server/template.go:53.84,55.16 2 1
mock-server/template.go:55.16,57.3 1 1
mock-server/template.go:59.2,67.48 3 1
mock-server/template.go:67.48,69.3 1 0
mock-server/template.go:70.2,70.25 1 1
